GalleryTry/app/build/intermediates/manifest_merge_blame_file/debug/manifest-merger-blame-debug-report.txt
1<?xml version="1.0" encoding="utf-8"?>
2<manifest xmlns:android="http://schemas.android.com/apk/res/android"
3    package="com.example.gallerytry"
4    android:versionCode="1"
5    android:versionName="1.0" >
6
7    <uses-sdk
8        android:minSdkVersion="23"
8-->src/main/AndroidManifest.xml
9        android:targetSdkVersion="29" />
9-->src/main/AndroidManifest.xml
10
11    <uses-permission android:name="android.permission.INTERNET" />
11-->src/main/AndroidManifest.xml:4:5-66
11-->src/main/AndroidManifest.xml:4:22-64
12    <uses-permission android:name="android.permission.READ_EXTERNAL_STORAGE" />
12-->src/main/AndroidManifest.xml:5:5-79
12-->src/main/AndroidManifest.xml:5:22-77
13    <uses-permission android:name="android.permission.WRITE_EXTERNAL_STORAGE" />
13-->src/main/AndroidManifest.xml:6:5-80
13-->src/main/AndroidManifest.xml:6:22-78
14    <uses-permission android:name="android.permission.CAMERA" />
14-->src/main/AndroidManifest.xml:7:5-64
14-->src/main/AndroidManifest.xml:7:22-62
15
16    <!-- Although the *SdkVersion is captured in gradle build files, this is required for non gradle builds -->
17    <!-- <uses-sdk android:minSdkVersion="14" /> -->
18    <uses-permission android:name="android.permission.ACCESS_NETWORK_STATE" />
18-->[com.google.firebase:firebase-firestore:21.4.3] AndroidManifest.xml:13:5-79
18-->[com.google.firebase:firebase-firestore:21.4.3] AndroidManifest.xml:13:22-76
19
20    <application
20-->src/main/AndroidManifest.xml:9:5-24:19
21        android:allowBackup="true"
21-->src/main/AndroidManifest.xml:10:9-35
22        android:appComponentFactory="androidx.core.app.CoreComponentFactory"
22-->[androidx.core:core:1.2.0] AndroidManifest.xml:24:18-86
23        android:debuggable="true"
24        android:extractNativeLibs="false"
25        android:icon="@mipmap/ic_launcher"
25-->src/main/AndroidManifest.xml:11:9-43
26        android:label="@string/app_name"
26-->src/main/AndroidManifest.xml:12:9-41
27        android:roundIcon="@mipmap/ic_launcher_round"
27-->src/main/AndroidManifest.xml:13:9-54
28        android:supportsRtl="true"
28-->src/main/AndroidManifest.xml:14:9-35
29        android:testOnly="true"
30        android:theme="@style/AppTheme" >
30-->src/main/AndroidManifest.xml:15:9-40
31        <activity android:name="com.example.gallerytry.View.GalleryActivity" />
31-->src/main/AndroidManifest.xml:16:9-67
31-->src/main/AndroidManifest.xml:16:19-55
32        <activity android:name="com.example.gallerytry.View.MainActivity" >
32-->src/main/AndroidManifest.xml:17:9-23:20
32-->src/main/AndroidManifest.xml:17:19-52
33            <intent-filter>
33-->src/main/AndroidManifest.xml:18:13-22:29
34                <action android:name="android.intent.action.MAIN" />
34-->src/main/AndroidManifest.xml:19:17-69
34-->src/main/AndroidManifest.xml:19:25-66
35
36                <category android:name="android.intent.category.LAUNCHER" />
36-->src/main/AndroidManifest.xml:21:17-77
36-->src/main/AndroidManifest.xml:21:27-74
37            </intent-filter>
38        </activity>
39        <activity
39-->[com.google.firebase:firebase-auth:19.3.1] AndroidManifest.xml:24:9-31:50
40            android:name="com.google.firebase.auth.internal.FederatedSignInActivity"
40-->[com.google.firebase:firebase-auth:19.3.1] AndroidManifest.xml:25:13-85
41            android:excludeFromRecents="true"
41-->[com.google.firebase:firebase-auth:19.3.1] AndroidManifest.xml:26:13-46
42            android:exported="true"
42-->[com.google.firebase:firebase-auth:19.3.1] AndroidManifest.xml:27:13-36
43            android:launchMode="singleTask"
43-->[com.google.firebase:firebase-auth:19.3.1] AndroidManifest.xml:28:13-44
44            android:permission="com.google.firebase.auth.api.gms.permission.LAUNCH_FEDERATED_SIGN_IN"
44-->[com.google.firebase:firebase-auth:19.3.1] AndroidManifest.xml:29:13-102
45            android:theme="@android:style/Theme.Translucent.NoTitleBar" />
45-->[com.google.firebase:firebase-auth:19.3.1] AndroidManifest.xml:30:13-72
46
47        <service
47-->[com.google.firebase:firebase-auth:19.3.1] AndroidManifest.xml:33:9-39:19
48            android:name="com.google.firebase.components.ComponentDiscoveryService"
48-->[com.google.firebase:firebase-auth:19.3.1] AndroidManifest.xml:34:13-84
49            android:directBootAware="true"
49-->[com.google.firebase:firebase-common:19.3.0] AndroidManifest.xml:34:13-43
50            android:exported="false" >
50-->[com.google.firebase:firebase-auth:19.3.1] AndroidManifest.xml:35:13-37
51            <meta-data
51-->[com.google.firebase:firebase-auth:19.3.1] AndroidManifest.xml:36:13-38:85
52                android:name="com.google.firebase.components:com.google.firebase.auth.FirebaseAuthRegistrar"
52-->[com.google.firebase:firebase-auth:19.3.1] AndroidManifest.xml:37:17-109
53                android:value="com.google.firebase.components.ComponentRegistrar" />
53-->[com.google.firebase:firebase-auth:19.3.1] AndroidManifest.xml:38:17-82
54            <meta-data
54-->[com.google.firebase:firebase-firestore:21.4.3] AndroidManifest.xml:20:13-22:85
55                android:name="com.google.firebase.components:com.google.firebase.firestore.FirestoreRegistrar"
55-->[com.google.firebase:firebase-firestore:21.4.3] AndroidManifest.xml:21:17-111
56                android:value="com.google.firebase.components.ComponentRegistrar" />
56-->[com.google.firebase:firebase-firestore:21.4.3] AndroidManifest.xml:22:17-82
57            <meta-data
57-->[com.google.firebase:firebase-storage:19.1.1] AndroidManifest.xml:33:13-35:85
58                android:name="com.google.firebase.components:com.google.firebase.storage.StorageRegistrar"
58-->[com.google.firebase:firebase-storage:19.1.1] AndroidManifest.xml:34:17-107
59                android:value="com.google.firebase.components.ComponentRegistrar" />
59-->[com.google.firebase:firebase-storage:19.1.1] AndroidManifest.xml:35:17-82
60            <meta-data
60-->[com.google.firebase:firebase-database:19.3.0] AndroidManifest.xml:32:13-34:85
61                android:name="com.google.firebase.components:com.google.firebase.database.DatabaseRegistrar"
61-->[com.google.firebase:firebase-database:19.3.0] AndroidManifest.xml:33:17-109
62                android:value="com.google.firebase.components.ComponentRegistrar" />
62-->[com.google.firebase:firebase-database:19.3.0] AndroidManifest.xml:34:17-82
63        </service>
64
65        <provider
65-->[com.squareup.picasso:picasso:2.71828] AndroidManifest.xml:8:9-11:40
66            android:name="com.squareup.picasso.PicassoProvider"
66-->[com.squareup.picasso:picasso:2.71828] AndroidManifest.xml:9:13-64
67            android:authorities="com.example.gallerytry.com.squareup.picasso"
67-->[com.squareup.picasso:picasso:2.71828] AndroidManifest.xml:10:13-72
68            android:exported="false" />
68-->[com.squareup.picasso:picasso:2.71828] AndroidManifest.xml:11:13-37
69
70        <activity
70-->[com.google.android.gms:play-services-base:17.1.0] AndroidManifest.xml:23:9-26:75
71            android:name="com.google.android.gms.common.api.GoogleApiActivity"
71-->[com.google.android.gms:play-services-base:17.1.0] AndroidManifest.xml:24:13-79
72            android:exported="false"
72-->[com.google.android.gms:play-services-base:17.1.0] AndroidManifest.xml:25:13-37
73            android:theme="@android:style/Theme.Translucent.NoTitleBar" />
73-->[com.google.android.gms:play-services-base:17.1.0] AndroidManifest.xml:26:13-72
74
75        <provider
75-->[com.google.firebase:firebase-common:19.3.0] AndroidManifest.xml:26:9-30:39
76            android:name="com.google.firebase.provider.FirebaseInitProvider"
76-->[com.google.firebase:firebase-common:19.3.0] AndroidManifest.xml:27:13-77
77            android:authorities="com.example.gallerytry.firebaseinitprovider"
77-->[com.google.firebase:firebase-common:19.3.0] AndroidManifest.xml:28:13-72
78            android:exported="false"
78-->[com.google.firebase:firebase-common:19.3.0] AndroidManifest.xml:29:13-37
79            android:initOrder="100" />
79-->[com.google.firebase:firebase-common:19.3.0] AndroidManifest.xml:30:13-36
80
81        <meta-data
81-->[com.google.android.gms:play-services-basement:17.0.0] AndroidManifest.xml:23:9-25:69
82            android:name="com.google.android.gms.version"
82-->[com.google.android.gms:play-services-basement:17.0.0] AndroidManifest.xml:24:13-58
83            android:value="@integer/google_play_services_version" />
83-->[com.google.android.gms:play-services-basement:17.0.0] AndroidManifest.xml:25:13-66
84    </application>
85
86</manifest>